GL_LOG_FILE log. local time Sat Aug  5 22:58:09 2017
build version: Aug  5 2017 22:58:05

starting GLFW
3.2.1 X11 GLX EGL clock_gettime /dev/js Xf86vm shared
renderer: Mesa DRI Intel(R) Ivybridge Mobile 
version: 3.0 Mesa 11.2.2
GL Context Params:
GL_MAX_COMBINED_TEXTURE_IMAGE_UNITS 80
GL_MAX_CUBE_MAP_TEXTURE_SIZE 8192
GL_MAX_DRAW_BUFFERS 8
GL_MAX_FRAGMENT_UNIFORM_COMPONENTS 16384
GL_MAX_TEXTURE_IMAGE_UNITS 16
GL_MAX_TEXTURE_SIZE 8192
GL_MAX_VARYING_FLOATS 128
GL_MAX_VERTEX_ATTRIBS 16
GL_MAX_VERTEX_TEXTURE_IMAGE_UNITS 16
GL_MAX_VERTEX_UNIFORM_COMPONENTS 16384
GL_MAX_VIEWPORT_DIMS 16384 16384
GL_STEREO 0
-----------------------------
